

******** <class 'pyscf.scf.hf.RHF'> ********
method = RHF
initial guess = 1e
damping factor = 0
level_shift factor = 0
DIIS = <class 'pyscf.scf.diis.CDIIS'>
diis_start_cycle = 1
diis_space = 8
SCF conv_tol = 1e-09
SCF conv_tol_grad = None
SCF max_cycles = 50
direct_scf = False
chkfile to save SCF result = data2403/BODIPY/BODIPY_HF.chk
max_memory 4000 MB (current use 225 MB)
Set gradient conv threshold to 3.16228e-05
Initial guess from hcore.
  HOMO = -23.3141124303769  LUMO = -23.2772462817211
init E= -459.488727145685
  HOMO = -0.470888621234917  LUMO = -0.469656406810141
cycle= 1 E= -328.535227568277  delta_E=  131  |g|= 24.7  |ddm|= 1.13e+03
  HOMO = -5.93131373422623  LUMO = -5.88862566100609
cycle= 2 E= -35.4076781970958  delta_E=  293  |g|= 39.1  |ddm|= 1.09e+03
  HOMO = -2.1854709499616  LUMO = -2.08737126923769
cycle= 3 E= -542.968863540189  delta_E= -508  |g|=   20  |ddm|=  373
  HOMO = -0.181111819395622  LUMO = -0.171475870981693
cycle= 4 E= -601.929419862508  delta_E=  -59  |g|= 14.1  |ddm|=  389
  HOMO = -0.541793010515595  LUMO = -0.527729107953482
cycle= 5 E= -572.261595094941  delta_E= 29.7  |g|= 16.5  |ddm|=  482
  HOMO = -0.266458428511587  LUMO = -0.21092992046015
cycle= 6 E= -675.243909262992  delta_E= -103  |g|= 3.44  |ddm|=  332
  HOMO = -0.181419799139523  LUMO = -0.0550384373788386
cycle= 7 E= -677.133922110259  delta_E= -1.89  |g|= 1.61  |ddm|= 3.71
  HOMO = -0.284811119233002  LUMO = -0.00577033209173568
cycle= 8 E= -677.735430427558  delta_E= -0.602  |g|= 0.303  |ddm|= 1.48
  HOMO = -0.281189060207781  LUMO = 0.00122952868961479
cycle= 9 E= -677.762990415751  delta_E= -0.0276  |g|= 0.11  |ddm|= 0.436
  HOMO = -0.290621717465701  LUMO = -0.00371031629920104
cycle= 10 E= -677.767324718758  delta_E= -0.00433  |g|= 0.0425  |ddm|= 0.153
  HOMO = -0.286650301522307  LUMO = -0.000322091257069286
cycle= 11 E= -677.768388827382  delta_E= -0.00106  |g|= 0.0185  |ddm|= 0.0663
  HOMO = -0.285120364687946  LUMO = 0.00158999053937412
cycle= 12 E= -677.768611766801  delta_E= -0.000223  |g|= 0.00952  |ddm|= 0.0298
  HOMO = -0.284942845854223  LUMO = 0.00195683097588025
cycle= 13 E= -677.768694465899  delta_E= -8.27e-05  |g|= 0.00414  |ddm|= 0.0238
  HOMO = -0.285088647538665  LUMO = 0.0019548884351711
cycle= 14 E= -677.768706715945  delta_E= -1.23e-05  |g|= 0.00119  |ddm|= 0.00918
  HOMO = -0.285007197470989  LUMO = 0.00207714911222944
cycle= 15 E= -677.768707910014  delta_E= -1.19e-06  |g|= 0.000414  |ddm|= 0.00299
  HOMO = -0.28503810139099  LUMO = 0.00207552557150985
cycle= 16 E= -677.768708038443  delta_E= -1.28e-07  |g|= 0.000128  |ddm|= 0.00102
  HOMO = -0.285040501280176  LUMO = 0.0020735402907638
cycle= 17 E= -677.768708051083  delta_E= -1.26e-08  |g|= 6.69e-05  |ddm|= 0.00027
  HOMO = -0.285046562121644  LUMO = 0.00207019193083313
cycle= 18 E= -677.768708054217  delta_E= -3.13e-09  |g|= 2.18e-05  |ddm|= 0.000131
  HOMO = -0.285046843888319  LUMO = 0.0020697396876159
cycle= 19 E= -677.768708054636  delta_E= -4.19e-10  |g|= 1.02e-05  |ddm|= 5.3e-05
  HOMO = -0.285047809224957  LUMO = 0.00206822686462654
Extra cycle  E= -677.768708054676  delta_E= -4e-11  |g|= 6.82e-06  |ddm|= 1.56e-05
converged SCF energy = -677.768708054676

Geometry optimization cycle 1
Cartesian coordinates (Angstrom)
 Atom        New coordinates             dX        dY        dZ
   B   0.000080  -1.163105   0.000114    0.000000  0.000000  0.000000
   N  -1.246348  -0.241233   0.001286    0.000000  0.000000  0.000000
   C  -2.517460  -0.619705   0.002963    0.000000  0.000000 -0.000000
   C  -3.356859   0.503902   0.002395    0.000000  0.000000  0.000000
   C  -2.540668   1.611436   0.000080    0.000000  0.000000  0.000000
   C  -1.205670   1.137942  -0.000470    0.000000  0.000000  0.000000
   C  -0.000450   1.820913  -0.001708    0.000000  0.000000  0.000000
   C   1.205015   1.138369  -0.000829    0.000000  0.000000  0.000000
   N   1.246179  -0.240790   0.000868    0.000000  0.000000  0.000000
   C   2.517426  -0.618815   0.002222    0.000000  0.000000  0.000000
   C   3.356428   0.505087   0.001524   -0.000000  0.000000  0.000000
   C   2.539845   1.612335  -0.000603   -0.000000  0.000000  0.000000
   F   0.000016  -1.948276  -1.130394    0.000000  0.000000  0.000000
   F   0.000421  -1.951063   1.128589    0.000000  0.000000  0.000000
   H  -2.781764  -1.659908   0.004559    0.000000  0.000000  0.000000
   H  -4.428557   0.482584   0.003572    0.000000  0.000000  0.000000
   H  -2.831281   2.643622  -0.000939    0.000000  0.000000  0.000000
   H  -0.000642   2.900525  -0.003158    0.000000  0.000000  0.000000
   H   2.782097  -1.658925   0.003718    0.000000  0.000000 -0.000000
   H   4.428134   0.484149   0.002461    0.000000  0.000000  0.000000
   H   2.830094   2.644623  -0.001667    0.000000  0.000000  0.000000
converged SCF energy = -681.648492756804
